[DEBUG] 2020-03-04 09:15:22.851 [main] BibliothequeApplication - Microservice Bibliothèque démarré
[DEBUG] 2020-03-04 09:23:01.870 [main] BibliothequeApplication - Microservice Bibliothèque démarré
[DEBUG] 2020-03-04 09:23:09.179 [http-nio-8080-exec-1] BibliothequeApplication - Appel controlleur listLivre
[DEBUG] 2020-03-04 09:25:40.620 [main] BibliothequeApplication - Microservice Bibliothèque démarré
[DEBUG] 2020-03-04 09:25:49.202 [http-nio-8080-exec-1] BibliothequeApplication - Appel controlleur listeLivre
[DEBUG] 2020-03-05 08:56:46.813 [main] BibliothequeApplication - Microservice Bibliothèque démarré
[DEBUG] 2020-03-05 09:00:35.540 [main] BibliothequeApplication - Microservice Bibliothèque démarré
[DEBUG] 2020-03-05 09:06:06.031 [main] BibliothequeApplication - Microservice Bibliothèque démarré
[DEBUG] 2020-03-05 09:08:21.035 [main] BibliothequeApplication - Microservice Bibliothèque démarré
[DEBUG] 2020-03-05 09:09:02.729 [main] BibliothequeApplication - Microservice Bibliothèque démarré
[DEBUG] 2020-03-05 09:14:02.319 [main] BibliothequeApplication - Microservice Bibliothèque démarré
[DEBUG] 2020-03-05 09:15:30.980 [main] BibliothequeApplication - Microservice Bibliothèque démarré
[DEBUG] 2020-03-05 09:18:30.001 [main] BibliothequeApplication - Microservice Bibliothèque démarré
[DEBUG] 2020-03-05 09:26:04.195 [main] BibliothequeApplication - Microservice Bibliothèque démarré
[DEBUG] 2020-03-05 09:35:14.068 [main] BibliothequeApplication - Microservice Bibliothèque démarré
[DEBUG] 2020-03-05 13:15:39.423 [main] BibliothequeApplication - Microservice Bibliothèque démarré
[DEBUG] 2020-03-05 13:20:21.415 [main] BibliothequeApplication - Microservice Bibliothèque démarré
[DEBUG] 2020-03-05 13:20:52.172 [main] BibliothequeApplication - Microservice Bibliothèque démarré
[DEBUG] 2020-03-05 13:39:43.033 [main] BibliothequeApplication - Microservice Bibliothèque démarré
[DEBUG] 2020-03-05 13:41:16.802 [http-nio-8080-exec-1] BibliothequeApplication - Appel controlleur listeLivre
[DEBUG] 2020-03-05 15:24:56.640 [http-nio-8080-exec-8] BibliothequeApplication - Appel controlleur listeLivre
[DEBUG] 2020-03-05 15:28:33.442 [http-nio-8080-exec-7] BibliothequeApplication - Appel controlleur listeLivre
[DEBUG] 2020-03-05 15:29:07.851 [http-nio-8080-exec-10] BibliothequeApplication - Appel controlleur listeLivre
[DEBUG] 2020-03-05 15:55:04.754 [http-nio-8080-exec-5] BibliothequeApplication - Appel controlleur listeLivre
[DEBUG] 2020-03-05 17:03:09.330 [http-nio-8080-exec-2] BibliothequeApplication - Appel controlleur listeLivre
[DEBUG] 2020-03-06 08:23:46.275 [main] BibliothequeApplication - Microservice Bibliothèque démarré
[DEBUG] 2020-03-06 08:25:21.655 [http-nio-8080-exec-1] BibliothequeApplication - Appel controlleur listeLivre
[DEBUG] 2020-03-06 08:28:58.929 [http-nio-8080-exec-3] BibliothequeApplication - Appel controlleur listeLivre
[DEBUG] 2020-03-06 08:40:18.286 [http-nio-8080-exec-7] BibliothequeApplication - Appel controlleur listeLivre
[DEBUG] 2020-03-06 09:35:27.550 [http-nio-8080-exec-9] BibliothequeApplication - appel controlleur supprimerLivre
[DEBUG] 2020-03-06 09:35:39.728 [http-nio-8080-exec-8] BibliothequeApplication - Appel controlleur listeLivre
[DEBUG] 2020-03-06 10:18:58.102 [main] BibliothequeApplication - Microservice Bibliothèque démarré
[DEBUG] 2020-03-06 10:19:05.185 [http-nio-8080-exec-2] BibliothequeApplication - Appel controlleur listeLivre
[DEBUG] 2020-03-06 10:19:15.017 [http-nio-8080-exec-3] BibliothequeApplication - appel controlleur supprimerLivre
[DEBUG] 2020-03-06 10:19:20.593 [http-nio-8080-exec-7] BibliothequeApplication - Appel controlleur listeLivre
[DEBUG] 2020-03-06 15:14:53.231 [http-nio-8080-exec-9] BibliothequeApplication - Appel controlleur listeLivre
[DEBUG] 2020-03-06 19:13:45.471 [main] BibliothequeApplication - Microservice Bibliothèque démarré
[DEBUG] 2020-03-06 19:37:11.326 [http-nio-8080-exec-1] BibliothequeApplication - Appel controlleur listeLivre
[DEBUG] 2020-03-06 19:40:44.200 [http-nio-8080-exec-9] BibliothequeApplication - Appel controlleur listeLivre
[DEBUG] 2020-03-06 19:45:49.920 [http-nio-8080-exec-8] BibliothequeApplication - Appel controlleur listeLivre
[DEBUG] 2020-03-06 19:46:02.592 [http-nio-8080-exec-5] BibliothequeApplication - Appel controlleur listeLivre
[DEBUG] 2020-03-09 08:40:06.282 [main] BibliothequeApplication - Microservice Bibliothèque démarré
[DEBUG] 2020-03-09 08:40:52.236 [http-nio-8080-exec-1] BibliothequeApplication - Appel controlleur listeLivre
[DEBUG] 2020-03-16 10:57:25.883 [main] BibliothequeApplication - Microservice Bibliothèque démarré
[DEBUG] 2020-03-16 11:30:56.116 [http-nio-8080-exec-1] BibliothequeApplication - Appel controlleur listeLivre
[DEBUG] 2020-03-16 11:32:54.230 [http-nio-8080-exec-3] BibliothequeApplication - Appel controlleur listeLivre
[DEBUG] 2020-03-16 11:33:46.494 [http-nio-8080-exec-1] BibliothequeApplication - appel controlleur enregistrerNouveauLivre
[DEBUG] 2020-03-16 11:33:48.914 [http-nio-8080-exec-2] BibliothequeApplication - appel controlleur enregistrerNouveauLivre
[DEBUG] 2020-03-16 11:33:49.674 [http-nio-8080-exec-3] BibliothequeApplication - appel controlleur enregistrerNouveauLivre
[DEBUG] 2020-03-16 11:33:49.839 [http-nio-8080-exec-6] BibliothequeApplication - appel controlleur enregistrerNouveauLivre
[DEBUG] 2020-03-16 11:33:50.020 [http-nio-8080-exec-5] BibliothequeApplication - appel controlleur enregistrerNouveauLivre
[DEBUG] 2020-03-16 11:33:50.168 [http-nio-8080-exec-4] BibliothequeApplication - appel controlleur enregistrerNouveauLivre
[DEBUG] 2020-03-16 11:33:50.317 [http-nio-8080-exec-9] BibliothequeApplication - appel controlleur enregistrerNouveauLivre
[DEBUG] 2020-03-16 11:33:50.471 [http-nio-8080-exec-8] BibliothequeApplication - appel controlleur enregistrerNouveauLivre
[DEBUG] 2020-03-16 11:33:50.621 [http-nio-8080-exec-7] BibliothequeApplication - appel controlleur enregistrerNouveauLivre
[DEBUG] 2020-03-16 11:33:50.765 [http-nio-8080-exec-10] BibliothequeApplication - appel controlleur enregistrerNouveauLivre
[DEBUG] 2020-03-16 11:33:50.923 [http-nio-8080-exec-1] BibliothequeApplication - appel controlleur enregistrerNouveauLivre
[DEBUG] 2020-03-16 11:33:51.070 [http-nio-8080-exec-2] BibliothequeApplication - appel controlleur enregistrerNouveauLivre
[DEBUG] 2020-03-16 11:33:51.230 [http-nio-8080-exec-3] BibliothequeApplication - appel controlleur enregistrerNouveauLivre
[DEBUG] 2020-03-16 11:33:51.366 [http-nio-8080-exec-6] BibliothequeApplication - appel controlleur enregistrerNouveauLivre
[DEBUG] 2020-03-16 11:33:51.510 [http-nio-8080-exec-5] BibliothequeApplication - appel controlleur enregistrerNouveauLivre
[DEBUG] 2020-03-16 11:33:52.051 [http-nio-8080-exec-4] BibliothequeApplication - appel controlleur enregistrerNouveauLivre
[DEBUG] 2020-03-16 11:33:52.195 [http-nio-8080-exec-9] BibliothequeApplication - appel controlleur enregistrerNouveauLivre
[DEBUG] 2020-03-16 11:33:52.343 [http-nio-8080-exec-8] BibliothequeApplication - appel controlleur enregistrerNouveauLivre
[DEBUG] 2020-03-16 11:33:52.486 [http-nio-8080-exec-7] BibliothequeApplication - appel controlleur enregistrerNouveauLivre
[DEBUG] 2020-03-16 11:33:52.877 [http-nio-8080-exec-10] BibliothequeApplication - appel controlleur enregistrerNouveauLivre
[DEBUG] 2020-03-16 11:33:54.704 [http-nio-8080-exec-2] BibliothequeApplication - Appel controlleur listeLivre
[DEBUG] 2020-03-16 11:39:28.386 [http-nio-8080-exec-7] BibliothequeApplication - Appel controlleur listeLivre
[DEBUG] 2020-03-16 11:48:45.488 [main] BibliothequeApplication - Microservice Bibliothèque démarré
[DEBUG] 2020-03-16 11:49:15.269 [http-nio-8080-exec-4] BibliothequeApplication - appel controlleur enregistrerNouveauLivre
[DEBUG] 2020-03-16 11:49:16.719 [http-nio-8080-exec-3] BibliothequeApplication - appel controlleur enregistrerNouveauLivre
[DEBUG] 2020-03-16 11:49:17.326 [http-nio-8080-exec-7] BibliothequeApplication - appel controlleur enregistrerNouveauLivre
[DEBUG] 2020-03-16 11:49:17.496 [http-nio-8080-exec-6] BibliothequeApplication - appel controlleur enregistrerNouveauLivre
[DEBUG] 2020-03-16 11:49:17.643 [http-nio-8080-exec-5] BibliothequeApplication - appel controlleur enregistrerNouveauLivre
[DEBUG] 2020-03-16 11:49:17.762 [http-nio-8080-exec-8] BibliothequeApplication - appel controlleur enregistrerNouveauLivre
[DEBUG] 2020-03-16 11:50:05.143 [main] BibliothequeApplication - Microservice Bibliothèque démarré
[DEBUG] 2020-03-16 11:50:09.120 [http-nio-8080-exec-1] BibliothequeApplication - appel controlleur enregistrerNouveauLivre
[DEBUG] 2020-03-16 11:54:57.901 [main] BibliothequeApplication - Microservice Bibliothèque démarré
[DEBUG] 2020-03-16 11:55:32.844 [http-nio-8080-exec-1] BibliothequeApplication - appel controlleur enregistrerNouveauLivre
[DEBUG] 2020-03-16 11:55:35.058 [http-nio-8080-exec-5] BibliothequeApplication - appel controlleur enregistrerNouveauLivre
[DEBUG] 2020-03-16 11:55:35.654 [http-nio-8080-exec-4] BibliothequeApplication - appel controlleur enregistrerNouveauLivre
[DEBUG] 2020-03-16 11:55:35.788 [http-nio-8080-exec-6] BibliothequeApplication - appel controlleur enregistrerNouveauLivre
[DEBUG] 2020-03-17 09:57:37.745 [http-nio-8080-exec-1] BibliothequeApplication - Appel controlleur listeLivre
[DEBUG] 2020-03-17 10:02:43.662 [http-nio-8080-exec-4] BibliothequeApplication - Appel controlleur listeLivre
[DEBUG] 2020-03-17 10:02:46.265 [http-nio-8080-exec-6] BibliothequeApplication - Appel controlleur listeLivre
[DEBUG] 2020-03-17 10:03:14.490 [http-nio-8080-exec-3] BibliothequeApplication - Appel controlleur listeLivre
[DEBUG] 2020-03-17 10:04:42.650 [http-nio-8080-exec-2] BibliothequeApplication - Appel controlleur listeLivre
[DEBUG] 2020-03-17 10:06:33.003 [main] BibliothequeApplication - Microservice Bibliothèque démarré
[DEBUG] 2020-03-17 10:07:15.303 [http-nio-8080-exec-1] BibliothequeApplication - Appel controlleur listeLivre
[DEBUG] 2020-03-17 10:35:50.045 [main] BibliothequeApplication - Microservice Bibliothèque démarré
[DEBUG] 2020-03-17 10:36:18.518 [http-nio-8080-exec-1] BibliothequeApplication - Appel controlleur listeLivre
[DEBUG] 2020-03-17 10:38:20.280 [http-nio-8080-exec-3] BibliothequeApplication - Appel controlleur listeLivre
[DEBUG] 2020-03-17 10:41:07.336 [http-nio-8080-exec-5] BibliothequeApplication - Appel controlleur listeLivre
[DEBUG] 2020-03-17 10:41:13.380 [http-nio-8080-exec-6] BibliothequeApplication - Appel controlleur listeLivre
[DEBUG] 2020-03-17 10:42:11.221 [http-nio-8080-exec-7] BibliothequeApplication - Appel controlleur listeLivre
[DEBUG] 2020-03-17 10:43:13.468 [http-nio-8080-exec-8] BibliothequeApplication - appel controlleur enregistrerNouveauLivre
[DEBUG] 2020-03-17 10:47:07.811 [http-nio-8080-exec-5] BibliothequeApplication - Appel controlleur listeLivre
[DEBUG] 2020-03-17 10:47:50.763 [http-nio-8080-exec-6] BibliothequeApplication - Appel controlleur listeLivre
[DEBUG] 2020-03-17 10:48:21.303 [http-nio-8080-exec-9] BibliothequeApplication - appel controlleur enregistrerNouveauLivre
[DEBUG] 2020-03-17 10:50:49.582 [http-nio-8080-exec-1] BibliothequeApplication - appel controlleur enregistrerNouveauLivre
[DEBUG] 2020-03-17 10:51:08.949 [http-nio-8080-exec-6] BibliothequeApplication - appel controlleur enregistrerNouveauLivre
[DEBUG] 2020-03-17 10:52:12.447 [main] BibliothequeApplication - Microservice Bibliothèque démarré
[DEBUG] 2020-03-17 10:52:22.539 [http-nio-8080-exec-5] BibliothequeApplication - appel controlleur enregistrerNouveauLivre
[DEBUG] 2020-03-17 10:52:25.301 [http-nio-8080-exec-6] BibliothequeApplication - appel controlleur enregistrerNouveauLivre
[DEBUG] 2020-03-17 10:52:25.532 [http-nio-8080-exec-7] BibliothequeApplication - appel controlleur enregistrerNouveauLivre
[DEBUG] 2020-03-17 10:52:25.691 [http-nio-8080-exec-8] BibliothequeApplication - appel controlleur enregistrerNouveauLivre
[DEBUG] 2020-03-17 10:52:25.852 [http-nio-8080-exec-9] BibliothequeApplication - appel controlleur enregistrerNouveauLivre
[DEBUG] 2020-03-17 10:52:26.007 [http-nio-8080-exec-10] BibliothequeApplication - appel controlleur enregistrerNouveauLivre
[DEBUG] 2020-03-17 10:52:26.164 [http-nio-8080-exec-1] BibliothequeApplication - appel controlleur enregistrerNouveauLivre
[DEBUG] 2020-03-17 10:52:26.321 [http-nio-8080-exec-2] BibliothequeApplication - appel controlleur enregistrerNouveauLivre
[DEBUG] 2020-03-17 10:52:26.477 [http-nio-8080-exec-3] BibliothequeApplication - appel controlleur enregistrerNouveauLivre
[DEBUG] 2020-03-17 10:52:29.997 [http-nio-8080-exec-4] BibliothequeApplication - Appel controlleur listeLivre
[DEBUG] 2020-03-17 10:53:11.928 [http-nio-8080-exec-5] BibliothequeApplication - appel controlleur enregistrerNouveauLivre
[DEBUG] 2020-03-17 10:53:12.545 [http-nio-8080-exec-6] BibliothequeApplication - appel controlleur enregistrerNouveauLivre
[DEBUG] 2020-03-17 10:53:12.934 [http-nio-8080-exec-7] BibliothequeApplication - appel controlleur enregistrerNouveauLivre
[DEBUG] 2020-03-17 10:53:13.083 [http-nio-8080-exec-8] BibliothequeApplication - appel controlleur enregistrerNouveauLivre
[DEBUG] 2020-03-17 10:53:13.226 [http-nio-8080-exec-9] BibliothequeApplication - appel controlleur enregistrerNouveauLivre
[DEBUG] 2020-03-17 10:53:13.378 [http-nio-8080-exec-10] BibliothequeApplication - appel controlleur enregistrerNouveauLivre
[DEBUG] 2020-03-17 10:53:13.520 [http-nio-8080-exec-1] BibliothequeApplication - appel controlleur enregistrerNouveauLivre
[DEBUG] 2020-03-17 10:53:13.660 [http-nio-8080-exec-2] BibliothequeApplication - appel controlleur enregistrerNouveauLivre
[DEBUG] 2020-03-17 10:53:13.796 [http-nio-8080-exec-3] BibliothequeApplication - appel controlleur enregistrerNouveauLivre
[DEBUG] 2020-03-17 10:53:13.951 [http-nio-8080-exec-4] BibliothequeApplication - appel controlleur enregistrerNouveauLivre
[DEBUG] 2020-03-17 10:53:14.101 [http-nio-8080-exec-5] BibliothequeApplication - appel controlleur enregistrerNouveauLivre
[DEBUG] 2020-03-17 10:53:14.236 [http-nio-8080-exec-6] BibliothequeApplication - appel controlleur enregistrerNouveauLivre
[DEBUG] 2020-03-17 10:53:15.878 [http-nio-8080-exec-7] BibliothequeApplication - Appel controlleur listeLivre
[DEBUG] 2020-03-20 08:16:08.595 [main] BibliothequeApplication - Microservice Bibliothèque démarré
[DEBUG] 2020-03-20 08:17:06.198 [http-nio-8080-exec-3] BibliothequeApplication - Appel controlleur listeLivre
[DEBUG] 2020-03-20 08:17:20.986 [http-nio-8080-exec-4] BibliothequeApplication - Appel controlleur listeLivre
[DEBUG] 2020-03-20 08:18:28.277 [http-nio-8080-exec-7] BibliothequeApplication - Appel controlleur listeLivre
[DEBUG] 2020-03-20 08:23:23.846 [http-nio-8080-exec-9] BibliothequeApplication - Appel controlleur listeLivre
[DEBUG] 2020-03-20 12:00:45.847 [http-nio-8080-exec-1] BibliothequeApplication - Appel controlleur listeLivre
[DEBUG] 2020-03-25 09:32:12.910 [main] BibliothequeApplication - Microservice Bibliothèque démarré
[DEBUG] 2020-03-25 09:34:51.185 [http-nio-8080-exec-1] BibliothequeApplication - Appel controlleur listeLivre
[DEBUG] 2020-03-25 09:35:38.917 [http-nio-8080-exec-2] BibliothequeApplication - Appel controlleur listeLivre
[DEBUG] 2020-03-25 10:27:41.361 [http-nio-8080-exec-10] BibliothequeApplication - appel controlleur enregistrerNouveauLivre
[DEBUG] 2020-03-25 10:40:45.548 [http-nio-8080-exec-1] BibliothequeApplication - appel controlleur enregistrerNouveauLivre
[DEBUG] 2020-03-25 10:44:21.242 [main] BibliothequeApplication - Microservice Bibliothèque démarré
[DEBUG] 2020-03-26 11:13:47.470 [main] BibliothequeApplication - Microservice Bibliothèque démarré
[DEBUG] 2020-03-26 11:15:33.225 [main] BibliothequeApplication - Microservice Bibliothèque démarré
[DEBUG] 2020-03-26 11:19:43.151 [main] BibliothequeApplication - Microservice Bibliothèque démarré
[DEBUG] 2020-03-26 11:21:35.267 [main] BibliothequeApplication - Microservice Bibliothèque démarré
[DEBUG] 2020-03-26 11:26:56.207 [http-nio-8080-exec-1] BibliothequeApplication - Appel controlleur listeLivre
[DEBUG] 2020-03-26 11:28:21.211 [http-nio-8080-exec-2] BibliothequeApplication - Appel controlleur listeLivre
[DEBUG] 2020-03-26 11:30:05.197 [http-nio-8080-exec-3] BibliothequeApplication - Appel controlleur listeLivre
[DEBUG] 2020-03-26 11:30:43.904 [http-nio-8080-exec-7] BibliothequeApplication - Appel controlleur listeLivre
[DEBUG] 2020-03-26 11:30:50.830 [http-nio-8080-exec-8] BibliothequeApplication - Appel controlleur listeLivre
[DEBUG] 2020-03-26 11:32:43.372 [http-nio-8080-exec-10] BibliothequeApplication - Appel controlleur listeLivre
[DEBUG] 2020-03-26 11:34:59.389 [http-nio-8080-exec-5] BibliothequeApplication - Appel controlleur listeLivre
[DEBUG] 2020-03-26 11:35:10.593 [http-nio-8080-exec-2] BibliothequeApplication - Appel controlleur listeLivre
[DEBUG] 2020-03-26 11:40:45.131 [http-nio-8080-exec-3] BibliothequeApplication - Appel controlleur listeLivre
[DEBUG] 2020-03-26 11:40:46.479 [http-nio-8080-exec-4] BibliothequeApplication - Appel controlleur listeLivre
[DEBUG] 2020-03-26 11:46:16.919 [http-nio-8080-exec-9] BibliothequeApplication - Appel controlleur listeLivre
[DEBUG] 2020-03-27 08:21:39.967 [http-nio-8080-exec-5] BibliothequeApplication - Appel controlleur listeLivre
[DEBUG] 2020-03-27 08:23:07.831 [http-nio-8080-exec-6] BibliothequeApplication - Appel controlleur listeLivre
[DEBUG] 2020-03-27 08:26:54.845 [http-nio-8080-exec-4] BibliothequeApplication - Appel controlleur listeLivre
[DEBUG] 2020-03-27 08:28:00.769 [http-nio-8080-exec-9] BibliothequeApplication - Appel controlleur listeLivre
[DEBUG] 2020-03-27 08:28:46.768 [http-nio-8080-exec-5] BibliothequeApplication - Appel controlleur listeLivre
[DEBUG] 2020-03-27 08:30:56.849 [http-nio-8080-exec-7] BibliothequeApplication - Appel controlleur listeLivre
[DEBUG] 2020-03-27 08:32:07.189 [http-nio-8080-exec-10] BibliothequeApplication - Appel controlleur listeLivre
[DEBUG] 2020-03-27 08:35:41.825 [http-nio-8080-exec-2] BibliothequeApplication - Appel controlleur listeLivre
[DEBUG] 2020-03-27 08:36:51.122 [http-nio-8080-exec-4] BibliothequeApplication - Appel controlleur listeLivre
[DEBUG] 2020-03-27 08:38:10.923 [http-nio-8080-exec-9] BibliothequeApplication - Appel controlleur listeLivre
[DEBUG] 2020-03-31 09:37:19.340 [http-nio-8080-exec-6] BibliothequeApplication - Appel controlleur listeLivre
[DEBUG] 2020-03-31 09:41:54.984 [main] BibliothequeApplication - Microservice Bibliothèque démarré
[DEBUG] 2020-03-31 09:43:05.481 [http-nio-8080-exec-1] BibliothequeApplication - Appel controlleur listeLivre
[DEBUG] 2020-03-31 09:47:02.773 [main] BibliothequeApplication - Microservice Bibliothèque démarré
[DEBUG] 2020-03-31 09:47:13.341 [http-nio-8080-exec-1] BibliothequeApplication - Appel controlleur listeLivre
[DEBUG] 2020-03-31 09:50:53.471 [http-nio-8080-exec-4] BibliothequeApplication - Appel controlleur listeLivre
[DEBUG] 2020-03-31 09:53:40.069 [http-nio-8080-exec-7] BibliothequeApplication - Appel controlleur listeLivre
[DEBUG] 2020-03-31 14:11:48.747 [main] BibliothequeApplication - Microservice Bibliothèque démarré
[DEBUG] 2020-03-31 14:12:12.927 [main] BibliothequeApplication - Microservice Bibliothèque démarré
[DEBUG] 2020-03-31 14:12:37.487 [main] BibliothequeApplication - Microservice Bibliothèque démarré
[DEBUG] 2020-03-31 14:12:55.195 [http-nio-8080-exec-1] BibliothequeApplication - Appel controlleur listeLivre
[DEBUG] 2020-03-31 14:24:14.128 [http-nio-8080-exec-4] BibliothequeApplication - Appel controlleur listeLivre
[DEBUG] 2020-03-31 14:25:06.763 [http-nio-8080-exec-6] BibliothequeApplication - Appel controlleur listeLivre
[DEBUG] 2020-03-31 14:25:43.050 [http-nio-8080-exec-7] BibliothequeApplication - Appel controlleur listeLivre
[DEBUG] 2020-03-31 14:45:03.013 [main] BibliothequeApplication - Microservice Bibliothèque démarré
[DEBUG] 2020-03-31 14:48:22.170 [main] BibliothequeApplication - Microservice Bibliothèque démarré
[DEBUG] 2020-03-31 14:51:33.033 [main] BibliothequeApplication - Microservice Bibliothèque démarré
[DEBUG] 2020-03-31 14:52:26.234 [main] BibliothequeApplication - Microservice Bibliothèque démarré
[DEBUG] 2020-03-31 14:53:18.275 [main] BibliothequeApplication - Microservice Bibliothèque démarré
[DEBUG] 2020-03-31 14:54:41.932 [http-nio-8080-exec-3] BibliothequeApplication - Appel controlleur listeLivre
[DEBUG] 2020-03-31 14:57:51.973 [main] BibliothequeApplication - Microservice Bibliothèque démarré
[DEBUG] 2020-03-31 15:52:26.976 [http-nio-8080-exec-9] BibliothequeApplication - Appel controlleur listeLivre
[DEBUG] 2020-03-31 15:53:26.064 [http-nio-8080-exec-2] BibliothequeApplication - Appel controlleur listeLivre
