[DEBUG] 2020-04-16 15:58:30.901 [main] BibliothequeApplication - Microservice Bibliothèque démarré
[DEBUG] 2020-04-16 15:59:04.606 [http-nio-8080-exec-1] BibliothequeApplication - Appel controlleur listeLivre
[DEBUG] 2020-04-16 15:59:42.233 [http-nio-8080-exec-3] BibliothequeApplication - Appel controlleur listeLivre
[DEBUG] 2020-04-16 15:59:44.607 [http-nio-8080-exec-4] BibliothequeApplication - appel controlleur listeLivreRecherche
[DEBUG] 2020-04-16 15:59:47.044 [http-nio-8080-exec-5] BibliothequeApplication - appel controlleur listeLivreRecherche
[DEBUG] 2020-04-16 15:59:48.920 [http-nio-8080-exec-6] BibliothequeApplication - appel controlleur listeLivreRecherche
[DEBUG] 2020-04-16 15:59:51.668 [http-nio-8080-exec-7] BibliothequeApplication - appel controlleur listeLivreRecherche
[DEBUG] 2020-04-16 15:59:55.589 [http-nio-8080-exec-8] BibliothequeApplication - Appel controlleur listeLivre
[DEBUG] 2020-04-16 15:59:59.429 [http-nio-8080-exec-10] BibliothequeApplication - Appel controlleur listeLivre
[DEBUG] 2020-04-16 16:00:16.282 [http-nio-8080-exec-6] BibliothequeApplication - Appel controlleur listeLivre
[DEBUG] 2020-04-16 16:04:06.850 [http-nio-8080-exec-9] BibliothequeApplication - Appel controlleur listeLivre
[DEBUG] 2020-04-17 09:09:35.430 [main] BibliothequeApplication - Microservice Bibliothèque démarré
[DEBUG] 2020-04-17 09:16:50.165 [main] BibliothequeApplication - Microservice Bibliothèque démarré
[DEBUG] 2020-04-17 09:17:41.396 [main] BibliothequeApplication - Microservice Bibliothèque démarré
[DEBUG] 2020-04-17 09:19:38.956 [main] BibliothequeApplication - Microservice Bibliothèque démarré
[DEBUG] 2020-04-20 22:33:14.870 [main] BibliothequeApplication - Microservice Bibliothèque démarré
[DEBUG] 2020-04-20 22:38:24.151 [main] BibliothequeApplication - Microservice Bibliothèque démarré
[DEBUG] 2020-04-21 14:24:58.932 [main] BibliothequeApplication - Microservice Bibliothèque démarré
[DEBUG] 2020-04-21 14:25:46.813 [main] BibliothequeApplication - Microservice Bibliothèque démarré
[DEBUG] 2020-04-21 14:30:19.540 [main] BibliothequeApplication - Microservice Bibliothèque démarré
[DEBUG] 2020-04-21 14:36:20.865 [main] BibliothequeApplication - Microservice Bibliothèque démarré
[DEBUG] 2020-04-21 14:38:41.208 [main] BibliothequeApplication - Microservice Bibliothèque démarré
[DEBUG] 2020-04-21 14:39:29.211 [main] BibliothequeApplication - Microservice Bibliothèque démarré
[DEBUG] 2020-04-21 14:40:59.351 [main] BibliothequeApplication - Microservice Bibliothèque démarré
[DEBUG] 2020-04-21 14:44:32.974 [main] BibliothequeApplication - Microservice Bibliothèque démarré
[DEBUG] 2020-04-21 14:45:50.967 [main] BibliothequeApplication - Microservice Bibliothèque démarré
[DEBUG] 2020-04-21 14:48:46.137 [main] BibliothequeApplication - Microservice Bibliothèque démarré
[DEBUG] 2020-04-21 14:50:19.899 [main] BibliothequeApplication - Microservice Bibliothèque démarré
[DEBUG] 2020-04-21 14:52:46.099 [main] BibliothequeApplication - Microservice Bibliothèque démarré
[DEBUG] 2020-04-21 14:55:40.425 [main] BibliothequeApplication - Microservice Bibliothèque démarré
[DEBUG] 2020-04-21 16:55:40.308 [main] BibliothequeApplication - Microservice Bibliothèque démarré
[DEBUG] 2020-04-21 16:59:00.075 [main] BibliothequeApplication - Microservice Bibliothèque démarré
[DEBUG] 2020-04-21 17:06:00.732 [main] BibliothequeApplication - Microservice Bibliothèque démarré
[DEBUG] 2020-04-21 17:13:15.113 [main] BibliothequeApplication - Microservice Bibliothèque démarré
[DEBUG] 2020-04-21 17:38:04.697 [main] BibliothequeApplication - Microservice Bibliothèque démarré
[DEBUG] 2020-04-21 17:50:27.625 [main] BibliothequeApplication - Microservice Bibliothèque démarré
[DEBUG] 2020-04-21 21:25:18.749 [main] BibliothequeApplication - Microservice Bibliothèque démarré
[DEBUG] 2020-04-21 21:26:37.076 [main] BibliothequeApplication - Microservice Bibliothèque démarré
[DEBUG] 2020-04-23 10:10:49.861 [main] BibliothequeApplication - Microservice Bibliothèque démarré
[DEBUG] 2020-04-23 10:11:31.087 [http-nio-8080-exec-2] BibliothequeApplication - Appel controlleur listeLivre
[DEBUG] 2020-04-23 10:39:37.501 [http-nio-8080-exec-5] BibliothequeApplication - Appel controlleur listeLivre
[DEBUG] 2020-04-23 11:04:29.793 [http-nio-8080-exec-3] BibliothequeApplication - Appel controlleur listeLivre
[DEBUG] 2020-04-23 11:04:56.550 [http-nio-8080-exec-5] BibliothequeApplication - Appel controlleur listeLivre
[DEBUG] 2020-04-23 11:06:53.941 [http-nio-8080-exec-7] BibliothequeApplication - Appel controlleur listeLivre
[DEBUG] 2020-04-23 11:06:57.578 [http-nio-8080-exec-9] BibliothequeApplication - Appel controlleur listeLivre
[DEBUG] 2020-04-23 11:07:00.515 [http-nio-8080-exec-2] BibliothequeApplication - Appel controlleur listeLivre
[DEBUG] 2020-04-23 11:07:50.928 [http-nio-8080-exec-3] BibliothequeApplication - Appel controlleur listeLivre
[DEBUG] 2020-04-23 11:10:23.331 [http-nio-8080-exec-5] BibliothequeApplication - Appel controlleur listeLivre
[DEBUG] 2020-04-23 11:10:43.249 [http-nio-8080-exec-7] BibliothequeApplication - Appel controlleur listeLivre
[DEBUG] 2020-04-23 11:11:11.440 [http-nio-8080-exec-9] BibliothequeApplication - Appel controlleur listeLivre
[DEBUG] 2020-04-23 11:12:47.191 [http-nio-8080-exec-1] BibliothequeApplication - Appel controlleur listeLivre
[DEBUG] 2020-04-23 11:15:15.902 [http-nio-8080-exec-4] BibliothequeApplication - Appel controlleur listeLivre
[DEBUG] 2020-04-27 09:33:10.610 [main] BibliothequeApplication - Microservice Bibliothèque démarré
[DEBUG] 2020-04-27 09:34:54.775 [http-nio-8080-exec-1] BibliothequeApplication - Appel controlleur listeLivre
[DEBUG] 2020-04-27 09:35:05.788 [http-nio-8080-exec-4] BibliothequeApplication - Appel controlleur listeLivre
[DEBUG] 2020-04-27 09:39:59.874 [http-nio-8080-exec-5] BibliothequeApplication - Appel controlleur listeLivre
[DEBUG] 2020-04-30 14:18:04.059 [main] BibliothequeApplication - Microservice Bibliothèque démarré
[DEBUG] 2020-05-04 09:20:59.009 [main] BibliothequeApplication - Microservice Bibliothèque démarré
[DEBUG] 2020-05-04 10:55:01.383 [http-nio-8080-exec-4] BibliothequeApplication - Appel controlleur listeLivre
[DEBUG] 2020-05-04 10:56:35.476 [http-nio-8080-exec-7] BibliothequeApplication - Appel controlleur listeLivre
[DEBUG] 2020-05-04 11:00:51.420 [http-nio-8080-exec-7] BibliothequeApplication - Appel controlleur listeLivre
[DEBUG] 2020-05-04 11:00:52.906 [http-nio-8080-exec-8] BibliothequeApplication - Appel controlleur listeLivre
[DEBUG] 2020-05-04 11:00:53.622 [http-nio-8080-exec-9] BibliothequeApplication - Appel controlleur listeLivre
[DEBUG] 2020-05-04 11:00:53.905 [http-nio-8080-exec-1] BibliothequeApplication - Appel controlleur listeLivre
[DEBUG] 2020-05-04 11:01:16.122 [http-nio-8080-exec-5] BibliothequeApplication - Appel controlleur listeLivre
[DEBUG] 2020-05-04 11:02:43.334 [http-nio-8080-exec-7] BibliothequeApplication - Appel controlleur listeLivre
[DEBUG] 2020-05-04 11:03:13.751 [http-nio-8080-exec-8] BibliothequeApplication - Appel controlleur listeLivre
[DEBUG] 2020-05-04 11:03:15.794 [http-nio-8080-exec-9] BibliothequeApplication - Appel controlleur listeLivre
[DEBUG] 2020-05-04 11:03:17.786 [http-nio-8080-exec-1] BibliothequeApplication - Appel controlleur listeLivre
[DEBUG] 2020-05-04 11:06:10.877 [http-nio-8080-exec-2] BibliothequeApplication - Appel controlleur listeLivre
[DEBUG] 2020-05-04 11:09:50.977 [http-nio-8080-exec-4] BibliothequeApplication - Appel controlleur listeLivre
[DEBUG] 2020-05-04 11:12:28.076 [http-nio-8080-exec-6] BibliothequeApplication - Appel controlleur listeLivre
[DEBUG] 2020-05-04 11:16:43.120 [http-nio-8080-exec-8] BibliothequeApplication - Appel controlleur listeLivre
[DEBUG] 2020-05-04 11:17:43.304 [http-nio-8080-exec-1] BibliothequeApplication - Appel controlleur listeLivre
[DEBUG] 2020-05-04 11:25:36.985 [main] BibliothequeApplication - Microservice Bibliothèque démarré
[DEBUG] 2020-05-04 11:26:55.611 [http-nio-8080-exec-1] BibliothequeApplication - Appel controlleur listeLivre
[DEBUG] 2020-05-04 11:27:00.609 [http-nio-8080-exec-2] BibliothequeApplication - Appel controlleur listeLivre
[DEBUG] 2020-05-04 11:27:01.189 [http-nio-8080-exec-3] BibliothequeApplication - Appel controlleur listeLivre
[DEBUG] 2020-05-04 11:27:01.372 [http-nio-8080-exec-4] BibliothequeApplication - Appel controlleur listeLivre
[DEBUG] 2020-05-04 11:27:01.571 [http-nio-8080-exec-5] BibliothequeApplication - Appel controlleur listeLivre
[DEBUG] 2020-05-04 11:27:01.747 [http-nio-8080-exec-6] BibliothequeApplication - Appel controlleur listeLivre
[DEBUG] 2020-05-04 11:27:01.955 [http-nio-8080-exec-7] BibliothequeApplication - Appel controlleur listeLivre
[DEBUG] 2020-05-04 11:27:41.767 [http-nio-8080-exec-8] BibliothequeApplication - Appel controlleur listeLivre
[DEBUG] 2020-05-04 11:31:35.557 [http-nio-8080-exec-9] BibliothequeApplication - Appel controlleur listeLivre
[DEBUG] 2020-05-04 11:39:49.504 [http-nio-8080-exec-2] BibliothequeApplication - Appel controlleur listeLivre
[DEBUG] 2020-05-04 11:40:46.677 [main] BibliothequeApplication - Microservice Bibliothèque démarré
[DEBUG] 2020-05-04 11:41:33.772 [http-nio-8080-exec-1] BibliothequeApplication - Appel controlleur listeLivre
[DEBUG] 2020-05-04 11:52:27.965 [http-nio-8080-exec-3] BibliothequeApplication - Appel controlleur listeLivre
[DEBUG] 2020-05-04 11:53:22.659 [http-nio-8080-exec-4] BibliothequeApplication - Appel controlleur listeLivre
[DEBUG] 2020-05-04 11:57:36.801 [main] BibliothequeApplication - Microservice Bibliothèque démarré
[DEBUG] 2020-05-04 12:08:01.437 [main] BibliothequeApplication - Microservice Bibliothèque démarré
[DEBUG] 2020-05-04 12:10:21.381 [main] BibliothequeApplication - Microservice Bibliothèque démarré
[DEBUG] 2020-05-04 13:53:20.278 [main] BibliothequeApplication - Microservice Bibliothèque démarré
[DEBUG] 2020-05-04 13:54:28.016 [http-nio-8080-exec-1] BibliothequeApplication - Appel controlleur listeLivre
[DEBUG] 2020-05-04 14:04:46.477 [main] BibliothequeApplication - Microservice Bibliothèque démarré
[DEBUG] 2020-05-04 14:09:23.299 [main] BibliothequeApplication - Microservice Bibliothèque démarré
[DEBUG] 2020-05-04 14:21:26.554 [main] BibliothequeApplication - Microservice Bibliothèque démarré
[DEBUG] 2020-05-04 14:32:32.966 [main] BibliothequeApplication - Microservice Bibliothèque démarré
[DEBUG] 2020-05-04 14:33:06.516 [http-nio-8080-exec-1] BibliothequeApplication - Appel controlleur listeLivre
[DEBUG] 2020-05-04 14:52:13.243 [http-nio-8080-exec-8] BibliothequeApplication - Appel controlleur listeLivre
[DEBUG] 2020-05-04 14:53:25.448 [http-nio-8080-exec-2] BibliothequeApplication - Appel controlleur listeLivre
[DEBUG] 2020-05-04 14:53:26.354 [http-nio-8080-exec-4] BibliothequeApplication - Appel controlleur listeLivre
[DEBUG] 2020-05-04 15:08:29.055 [http-nio-8080-exec-7] BibliothequeApplication - Appel controlleur listeLivre
[DEBUG] 2020-05-04 15:10:45.985 [http-nio-8080-exec-10] BibliothequeApplication - Appel controlleur listeLivre
[DEBUG] 2020-05-05 08:59:56.763 [main] BibliothequeApplication - Microservice Bibliothèque démarré
[DEBUG] 2020-05-05 09:01:08.849 [main] BibliothequeApplication - Microservice Bibliothèque démarré
[DEBUG] 2020-05-05 09:01:17.967 [http-nio-8080-exec-1] BibliothequeApplication - Appel controlleur listeLivre
[DEBUG] 2020-05-05 09:06:12.502 [http-nio-8080-exec-3] BibliothequeApplication - Appel controlleur listeLivre
[DEBUG] 2020-05-05 09:30:43.901 [http-nio-8080-exec-6] BibliothequeApplication - Appel controlleur listeLivre
[DEBUG] 2020-05-05 09:31:12.476 [http-nio-8080-exec-7] BibliothequeApplication - Appel controlleur listeLivre
[DEBUG] 2020-05-05 10:19:52.777 [http-nio-8080-exec-9] BibliothequeApplication - Appel controlleur listeLivre
[DEBUG] 2020-05-05 10:20:00.020 [http-nio-8080-exec-10] BibliothequeApplication - Appel controlleur listeLivre
[DEBUG] 2020-05-05 10:25:13.016 [http-nio-8080-exec-2] BibliothequeApplication - Appel controlleur listeLivre
[DEBUG] 2020-05-05 10:53:44.880 [http-nio-8080-exec-4] BibliothequeApplication - Appel controlleur listeLivre
[DEBUG] 2020-05-05 11:20:52.652 [main] BibliothequeApplication - Microservice Bibliothèque démarré
[DEBUG] 2020-05-05 11:21:18.976 [http-nio-8080-exec-1] BibliothequeApplication - Appel controlleur listeLivre
[DEBUG] 2020-05-05 11:22:01.549 [http-nio-8080-exec-3] BibliothequeApplication - Appel controlleur listeLivre
[DEBUG] 2020-05-05 11:23:37.093 [http-nio-8080-exec-4] BibliothequeApplication - Appel controlleur listeLivre
[DEBUG] 2020-05-05 11:24:42.716 [main] BibliothequeApplication - Microservice Bibliothèque démarré
[DEBUG] 2020-05-05 11:26:55.505 [http-nio-8080-exec-1] BibliothequeApplication - Appel controlleur listeLivre
[DEBUG] 2020-05-05 11:29:49.925 [http-nio-8080-exec-3] BibliothequeApplication - Appel controlleur listeLivre
[DEBUG] 2020-05-05 13:19:24.285 [http-nio-8080-exec-5] BibliothequeApplication - Appel controlleur listeLivre
[DEBUG] 2020-05-05 13:19:39.412 [http-nio-8080-exec-9] BibliothequeApplication - Appel controlleur listeLivre
[DEBUG] 2020-05-05 13:19:44.933 [http-nio-8080-exec-1] BibliothequeApplication - Appel controlleur listeLivre
[DEBUG] 2020-05-08 17:13:16.739 [main] BibliothequeApplication - Microservice Bibliothèque démarré
[DEBUG] 2020-05-08 17:15:47.403 [http-nio-8080-exec-1] BibliothequeApplication - Appel controlleur listeLivre
[DEBUG] 2020-05-08 17:18:41.337 [http-nio-8080-exec-3] BibliothequeApplication - Appel controlleur listeLivre
[DEBUG] 2020-05-08 17:20:25.263 [http-nio-8080-exec-5] BibliothequeApplication - Appel controlleur listeLivre
[DEBUG] 2020-05-08 17:22:13.198 [http-nio-8080-exec-7] BibliothequeApplication - Appel controlleur listeLivre
[DEBUG] 2020-05-15 09:57:26.904 [main] BibliothequeApplication - Microservice Bibliothèque démarré
[DEBUG] 2020-05-15 10:11:42.087 [http-nio-8080-exec-3] BibliothequeApplication - Appel controlleur listeLivre
[DEBUG] 2020-05-15 10:12:12.736 [http-nio-8080-exec-6] BibliothequeApplication - Appel controlleur listeLivre
[DEBUG] 2020-05-15 10:16:17.732 [http-nio-8080-exec-9] BibliothequeApplication - Appel controlleur listeLivre
[DEBUG] 2020-05-15 12:01:18.377 [http-nio-8080-exec-2] BibliothequeApplication - Appel controlleur listeLivre
[DEBUG] 2020-05-15 12:01:44.602 [http-nio-8080-exec-3] BibliothequeApplication - Appel controlleur listeLivre
[DEBUG] 2020-05-15 12:07:14.320 [http-nio-8080-exec-5] BibliothequeApplication - Appel controlleur listeLivre
[DEBUG] 2020-05-15 12:07:46.553 [http-nio-8080-exec-6] BibliothequeApplication - Appel controlleur listeLivre
[DEBUG] 2020-05-15 12:07:55.167 [http-nio-8080-exec-7] BibliothequeApplication - Appel controlleur listeLivre
[DEBUG] 2020-05-15 12:08:37.579 [http-nio-8080-exec-8] BibliothequeApplication - Appel controlleur listeLivre
[DEBUG] 2020-05-15 12:08:46.808 [http-nio-8080-exec-10] BibliothequeApplication - Appel controlleur listeLivre
[DEBUG] 2020-05-15 12:10:22.498 [http-nio-8080-exec-1] BibliothequeApplication - Appel controlleur listeLivre
[DEBUG] 2020-05-15 13:54:48.213 [http-nio-8080-exec-4] BibliothequeApplication - Appel controlleur listeLivre
[DEBUG] 2020-05-15 14:38:27.263 [http-nio-8080-exec-6] BibliothequeApplication - Appel controlleur listeLivre
[DEBUG] 2020-05-15 21:32:41.147 [main] BibliothequeApplication - Microservice Bibliothèque démarré
[DEBUG] 2020-05-15 21:33:25.588 [http-nio-8080-exec-1] BibliothequeApplication - Appel controlleur listeLivre
[DEBUG] 2020-05-15 21:33:25.588 [http-nio-8080-exec-1] BibliothequeApplication - Appel LivreServiceImpl méthode findAll
[DEBUG] 2020-05-15 21:33:31.554 [http-nio-8080-exec-2] BibliothequeApplication - Appel controlleur listeLivre
[DEBUG] 2020-05-15 21:33:31.554 [http-nio-8080-exec-2] BibliothequeApplication - Appel LivreServiceImpl méthode findAll
[DEBUG] 2020-05-15 21:33:38.189 [http-nio-8080-exec-3] BibliothequeApplication - Appel controlleur listeEmpruntUtilisateur
[DEBUG] 2020-05-15 21:33:38.191 [http-nio-8080-exec-3] BibliothequeApplication - Appel empruntService méthode findAllByPseudoEmprunteur avec paramètre pseudoEmprunteur : ludo
[DEBUG] 2020-05-15 21:33:39.351 [http-nio-8080-exec-4] BibliothequeApplication - Appel controlleur listeLivre
[DEBUG] 2020-05-15 21:33:39.351 [http-nio-8080-exec-4] BibliothequeApplication - Appel LivreServiceImpl méthode findAll
[DEBUG] 2020-05-15 21:33:43.226 [http-nio-8080-exec-5] BibliothequeApplication - Appel controlleur listeLivre
[DEBUG] 2020-05-15 21:33:43.226 [http-nio-8080-exec-5] BibliothequeApplication - Appel LivreServiceImpl méthode findAll
[DEBUG] 2020-05-15 21:33:51.038 [http-nio-8080-exec-6] BibliothequeApplication - Appel controlleur listeLivre
[DEBUG] 2020-05-15 21:33:51.038 [http-nio-8080-exec-6] BibliothequeApplication - Appel LivreServiceImpl méthode findAll
[DEBUG] 2020-05-15 21:33:52.819 [http-nio-8080-exec-7] BibliothequeApplication - Appel controlleur findById livre
[DEBUG] 2020-05-15 21:33:52.819 [http-nio-8080-exec-7] BibliothequeApplication - Appel LivreServiceImpl méthode findLivreById avec paramètre idLidvre : 51
[DEBUG] 2020-05-15 21:33:54.902 [http-nio-8080-exec-8] BibliothequeApplication - Appel controlleur listeLivre
[DEBUG] 2020-05-15 21:33:54.902 [http-nio-8080-exec-8] BibliothequeApplication - Appel LivreServiceImpl méthode findAll
[DEBUG] 2020-05-15 21:33:57.117 [http-nio-8080-exec-9] BibliothequeApplication - Appel controlleur listeEmpruntUtilisateur
[DEBUG] 2020-05-15 21:33:57.117 [http-nio-8080-exec-9] BibliothequeApplication - Appel empruntService méthode findAllByPseudoEmprunteur avec paramètre pseudoEmprunteur : ludo
[DEBUG] 2020-05-15 21:34:03.797 [http-nio-8080-exec-10] BibliothequeApplication - Appel controlleur listeEmpruntUtilisateur
[DEBUG] 2020-05-15 21:34:03.797 [http-nio-8080-exec-10] BibliothequeApplication - Appel empruntService méthode findAllByPseudoEmprunteur avec paramètre pseudoEmprunteur : ludo
[DEBUG] 2020-05-15 21:34:04.948 [http-nio-8080-exec-1] BibliothequeApplication - Appel controlleur listeLivre
[DEBUG] 2020-05-15 21:34:04.948 [http-nio-8080-exec-1] BibliothequeApplication - Appel LivreServiceImpl méthode findAll
[DEBUG] 2020-05-15 21:34:09.901 [http-nio-8080-exec-2] BibliothequeApplication - Appel controlleur findById livre
[DEBUG] 2020-05-15 21:34:09.901 [http-nio-8080-exec-2] BibliothequeApplication - Appel LivreServiceImpl méthode findLivreById avec paramètre idLidvre : 49
[DEBUG] 2020-05-19 09:37:59.173 [main] BibliothequeApplication - Microservice Bibliothèque démarré
[DEBUG] 2020-05-19 09:38:21.327 [http-nio-8080-exec-1] BibliothequeApplication - Appel controlleur listeLivre
[DEBUG] 2020-05-19 09:38:21.327 [http-nio-8080-exec-1] BibliothequeApplication - Appel LivreServiceImpl méthode findAll
[DEBUG] 2020-05-19 09:39:17.029 [http-nio-8080-exec-5] BibliothequeApplication - Appel controlleur listeLivre
[DEBUG] 2020-05-19 09:39:17.029 [http-nio-8080-exec-5] BibliothequeApplication - Appel LivreServiceImpl méthode findAll
[DEBUG] 2020-05-19 09:39:56.251 [http-nio-8080-exec-9] BibliothequeApplication - Appel controlleur listeLivre
[DEBUG] 2020-05-19 09:39:56.251 [http-nio-8080-exec-9] BibliothequeApplication - Appel LivreServiceImpl méthode findAll
[DEBUG] 2020-05-19 09:40:10.815 [http-nio-8080-exec-1] BibliothequeApplication - Appel controlleur ouvrirEmprunt
[DEBUG] 2020-05-19 09:40:10.817 [http-nio-8080-exec-1] BibliothequeApplication - Appel empruntService méthode ouvrirEmprunt
[DEBUG] 2020-05-19 09:40:10.825 [http-nio-8080-exec-1] BibliothequeApplication - Appel empruntService méthode ajouter4Semaines avec paramètre date : Tue May 19 09:40:10 CEST 2020
[DEBUG] 2020-05-19 09:40:15.328 [http-nio-8080-exec-6] BibliothequeApplication - Appel controlleur listeLivre
[DEBUG] 2020-05-19 09:40:15.328 [http-nio-8080-exec-6] BibliothequeApplication - Appel LivreServiceImpl méthode findAll
[DEBUG] 2020-05-19 09:40:24.322 [http-nio-8080-exec-5] BibliothequeApplication - Appel controlleur listeEmpruntUtilisateur
[DEBUG] 2020-05-19 09:40:24.322 [http-nio-8080-exec-5] BibliothequeApplication - Appel empruntService méthode findAllByPseudoEmprunteur avec paramètre pseudoEmprunteur : ludo
[DEBUG] 2020-05-19 09:40:30.171 [http-nio-8080-exec-8] BibliothequeApplication - Appel controlleur prolongerEmprunt
[DEBUG] 2020-05-19 09:40:30.171 [http-nio-8080-exec-8] BibliothequeApplication - Appel empruntService méthode prolongerEmprunt avec paramètre idEmprunt : 2
[DEBUG] 2020-05-19 09:40:30.173 [http-nio-8080-exec-8] BibliothequeApplication - Appel empruntService méthode ajouter4Semaines avec paramètre date : 2020-06-16 09:40:10.0
[DEBUG] 2020-05-19 09:40:30.195 [http-nio-8080-exec-10] BibliothequeApplication - Appel controlleur listeEmpruntUtilisateur
[DEBUG] 2020-05-19 09:40:30.195 [http-nio-8080-exec-10] BibliothequeApplication - Appel empruntService méthode findAllByPseudoEmprunteur avec paramètre pseudoEmprunteur : ludo
[DEBUG] 2020-05-19 09:40:38.213 [http-nio-8080-exec-9] BibliothequeApplication - Appel controlleur listeLivreNonRendueApresDateFin
[DEBUG] 2020-05-19 09:40:38.213 [http-nio-8080-exec-9] BibliothequeApplication - Appel empruntService méthode listeLivreNonRendueApresDateFin
[DEBUG] 2020-05-19 09:40:59.364 [http-nio-8080-exec-1] BibliothequeApplication - Appel controlleur listeEmprunt
[DEBUG] 2020-05-19 09:40:59.364 [http-nio-8080-exec-1] BibliothequeApplication - Appel empruntService méthode findAll
[DEBUG] 2020-05-19 09:41:12.351 [http-nio-8080-exec-4] BibliothequeApplication - Appel controlleur cloturerEmprunt
[DEBUG] 2020-05-19 09:41:12.352 [http-nio-8080-exec-4] BibliothequeApplication - Appel empruntService méthode cloturerEmprunt
[DEBUG] 2020-05-19 09:41:15.149 [http-nio-8080-exec-3] BibliothequeApplication - Appel controlleur cloturerEmprunt
[DEBUG] 2020-05-19 09:41:15.149 [http-nio-8080-exec-3] BibliothequeApplication - Appel empruntService méthode cloturerEmprunt
[DEBUG] 2020-05-19 09:41:19.711 [http-nio-8080-exec-2] BibliothequeApplication - Appel controlleur listeEmpruntUtilisateur
[DEBUG] 2020-05-19 09:41:19.711 [http-nio-8080-exec-2] BibliothequeApplication - Appel empruntService méthode findAllByPseudoEmprunteur avec paramètre pseudoEmprunteur : ludo
[DEBUG] 2020-05-19 09:41:21.021 [http-nio-8080-exec-7] BibliothequeApplication - Appel controlleur listeLivre
[DEBUG] 2020-05-19 09:41:21.022 [http-nio-8080-exec-7] BibliothequeApplication - Appel LivreServiceImpl méthode findAll
[DEBUG] 2020-05-19 09:41:27.242 [http-nio-8080-exec-6] BibliothequeApplication - Appel controlleur cloturerEmprunt
[DEBUG] 2020-05-19 09:41:27.242 [http-nio-8080-exec-6] BibliothequeApplication - Appel empruntService méthode cloturerEmprunt
[DEBUG] 2020-05-19 09:41:30.052 [http-nio-8080-exec-5] BibliothequeApplication - Appel controlleur listeLivre
[DEBUG] 2020-05-19 09:41:30.052 [http-nio-8080-exec-5] BibliothequeApplication - Appel LivreServiceImpl méthode findAll
[DEBUG] 2020-05-19 09:45:20.063 [http-nio-8080-exec-9] BibliothequeApplication - Appel controlleur listeLivre
[DEBUG] 2020-05-19 09:45:20.063 [http-nio-8080-exec-9] BibliothequeApplication - Appel LivreServiceImpl méthode findAll
[DEBUG] 2020-05-19 10:25:37.591 [http-nio-8080-exec-4] BibliothequeApplication - Appel controlleur findById livre
[DEBUG] 2020-05-19 10:25:37.592 [http-nio-8080-exec-4] BibliothequeApplication - Appel LivreServiceImpl méthode findLivreById avec paramètre idLidvre : 53
[DEBUG] 2020-05-19 10:28:26.864 [http-nio-8080-exec-7] BibliothequeApplication - Appel controlleur listeLivre
[DEBUG] 2020-05-19 10:28:26.864 [http-nio-8080-exec-7] BibliothequeApplication - Appel LivreServiceImpl méthode findAll
[DEBUG] 2020-05-19 10:29:13.423 [http-nio-8080-exec-5] BibliothequeApplication - appel controlleur enregistrerNouveauLivre
[DEBUG] 2020-05-19 10:29:13.423 [http-nio-8080-exec-5] BibliothequeApplication - Appel LivreServiceImpl méthode enregistrerNouveauLivre
[DEBUG] 2020-05-19 10:29:20.086 [http-nio-8080-exec-8] BibliothequeApplication - Appel controlleur listeLivre
[DEBUG] 2020-05-19 10:29:20.086 [http-nio-8080-exec-8] BibliothequeApplication - Appel LivreServiceImpl méthode findAll
[DEBUG] 2020-05-19 10:30:19.614 [http-nio-8080-exec-9] BibliothequeApplication - Appel controlleur listeLivre
[DEBUG] 2020-05-19 10:30:19.614 [http-nio-8080-exec-9] BibliothequeApplication - Appel LivreServiceImpl méthode findAll
[DEBUG] 2020-05-19 10:30:20.848 [http-nio-8080-exec-1] BibliothequeApplication - Appel controlleur findById livre
[DEBUG] 2020-05-19 10:30:20.848 [http-nio-8080-exec-1] BibliothequeApplication - Appel LivreServiceImpl méthode findLivreById avec paramètre idLidvre : 3
[DEBUG] 2020-05-19 10:31:07.551 [http-nio-8080-exec-4] BibliothequeApplication - Appel controlleur listeLivre
[DEBUG] 2020-05-19 10:31:07.551 [http-nio-8080-exec-4] BibliothequeApplication - Appel LivreServiceImpl méthode findAll
[DEBUG] 2020-05-19 10:33:17.050 [http-nio-8080-exec-9] BibliothequeApplication - appel controlleur enregistrerNouveauLivre
[DEBUG] 2020-05-19 10:33:17.050 [http-nio-8080-exec-9] BibliothequeApplication - Appel LivreServiceImpl méthode enregistrerNouveauLivre
[DEBUG] 2020-05-19 10:33:48.076 [http-nio-8080-exec-1] BibliothequeApplication - Appel controlleur listeLivre
[DEBUG] 2020-05-19 10:33:48.076 [http-nio-8080-exec-1] BibliothequeApplication - Appel LivreServiceImpl méthode findAll
[DEBUG] 2020-05-19 10:36:29.419 [http-nio-8080-exec-10] BibliothequeApplication - appel controlleur enregistrerNouveauLivre
[DEBUG] 2020-05-19 10:36:29.419 [http-nio-8080-exec-10] BibliothequeApplication - Appel LivreServiceImpl méthode enregistrerNouveauLivre
[DEBUG] 2020-05-19 10:39:32.722 [http-nio-8080-exec-3] BibliothequeApplication - appel controlleur enregistrerNouveauLivre
[DEBUG] 2020-05-19 10:39:32.722 [http-nio-8080-exec-3] BibliothequeApplication - Appel LivreServiceImpl méthode enregistrerNouveauLivre
[DEBUG] 2020-05-19 10:39:38.726 [http-nio-8080-exec-7] BibliothequeApplication - Appel controlleur listeLivre
[DEBUG] 2020-05-19 10:39:38.726 [http-nio-8080-exec-7] BibliothequeApplication - Appel LivreServiceImpl méthode findAll
[DEBUG] 2020-05-19 10:39:49.568 [http-nio-8080-exec-8] BibliothequeApplication - Appel controlleur findById livre
[DEBUG] 2020-05-19 10:39:49.568 [http-nio-8080-exec-8] BibliothequeApplication - Appel LivreServiceImpl méthode findLivreById avec paramètre idLidvre : 6
[DEBUG] 2020-05-19 10:39:51.030 [http-nio-8080-exec-2] BibliothequeApplication - Appel controlleur listeLivre
[DEBUG] 2020-05-19 10:39:51.030 [http-nio-8080-exec-2] BibliothequeApplication - Appel LivreServiceImpl méthode findAll
[DEBUG] 2020-05-19 10:39:52.094 [http-nio-8080-exec-6] BibliothequeApplication - Appel controlleur findById livre
[DEBUG] 2020-05-19 10:39:52.094 [http-nio-8080-exec-6] BibliothequeApplication - Appel LivreServiceImpl méthode findLivreById avec paramètre idLidvre : 5
[DEBUG] 2020-05-19 10:39:53.392 [http-nio-8080-exec-5] BibliothequeApplication - Appel controlleur listeLivre
[DEBUG] 2020-05-19 10:39:53.392 [http-nio-8080-exec-5] BibliothequeApplication - Appel LivreServiceImpl méthode findAll
[DEBUG] 2020-05-19 10:42:37.052 [http-nio-8080-exec-2] BibliothequeApplication - appel controlleur enregistrerNouveauLivre
[DEBUG] 2020-05-19 10:42:37.052 [http-nio-8080-exec-2] BibliothequeApplication - Appel LivreServiceImpl méthode enregistrerNouveauLivre
[DEBUG] 2020-05-19 10:42:39.651 [http-nio-8080-exec-3] BibliothequeApplication - Appel controlleur listeLivre
[DEBUG] 2020-05-19 10:42:39.651 [http-nio-8080-exec-3] BibliothequeApplication - Appel LivreServiceImpl méthode findAll
[DEBUG] 2020-05-19 10:43:53.355 [http-nio-8080-exec-10] BibliothequeApplication - Appel controlleur listeLivre
[DEBUG] 2020-05-19 10:43:53.355 [http-nio-8080-exec-10] BibliothequeApplication - Appel LivreServiceImpl méthode findAll
[DEBUG] 2020-05-19 10:44:01.120 [http-nio-8080-exec-9] BibliothequeApplication - Appel controlleur listeEmpruntUtilisateur
[DEBUG] 2020-05-19 10:44:01.120 [http-nio-8080-exec-9] BibliothequeApplication - Appel empruntService méthode findAllByPseudoEmprunteur avec paramètre pseudoEmprunteur : aurelie
[DEBUG] 2020-05-19 10:44:02.142 [http-nio-8080-exec-1] BibliothequeApplication - Appel controlleur listeLivre
[DEBUG] 2020-05-19 10:44:02.142 [http-nio-8080-exec-1] BibliothequeApplication - Appel LivreServiceImpl méthode findAll
[DEBUG] 2020-05-19 10:44:05.915 [http-nio-8080-exec-2] BibliothequeApplication - Appel controlleur listeEmpruntUtilisateur
[DEBUG] 2020-05-19 10:44:05.915 [http-nio-8080-exec-2] BibliothequeApplication - Appel empruntService méthode findAllByPseudoEmprunteur avec paramètre pseudoEmprunteur : aurelie
[DEBUG] 2020-05-19 10:44:07.099 [http-nio-8080-exec-3] BibliothequeApplication - Appel controlleur listeLivre
[DEBUG] 2020-05-19 10:44:07.099 [http-nio-8080-exec-3] BibliothequeApplication - Appel LivreServiceImpl méthode findAll
[DEBUG] 2020-05-19 11:38:26.142 [http-nio-8080-exec-4] BibliothequeApplication - Appel controlleur listeLivre
[DEBUG] 2020-05-19 11:38:26.143 [http-nio-8080-exec-4] BibliothequeApplication - Appel LivreServiceImpl méthode findAll
[DEBUG] 2020-05-19 11:38:27.034 [http-nio-8080-exec-7] BibliothequeApplication - Appel controlleur listeLivre
[DEBUG] 2020-05-19 11:38:27.034 [http-nio-8080-exec-7] BibliothequeApplication - Appel LivreServiceImpl méthode findAll
[DEBUG] 2020-05-19 11:38:27.656 [http-nio-8080-exec-6] BibliothequeApplication - Appel controlleur listeLivre
[DEBUG] 2020-05-19 11:38:27.656 [http-nio-8080-exec-6] BibliothequeApplication - Appel LivreServiceImpl méthode findAll
[DEBUG] 2020-05-19 11:38:33.854 [http-nio-8080-exec-5] BibliothequeApplication - Appel controlleur listeEmpruntUtilisateur
[DEBUG] 2020-05-19 11:38:33.854 [http-nio-8080-exec-5] BibliothequeApplication - Appel empruntService méthode findAllByPseudoEmprunteur avec paramètre pseudoEmprunteur : ludo
[DEBUG] 2020-05-19 11:38:36.581 [http-nio-8080-exec-10] BibliothequeApplication - Appel controlleur listeLivre
[DEBUG] 2020-05-19 11:38:36.581 [http-nio-8080-exec-10] BibliothequeApplication - Appel LivreServiceImpl méthode findAll
[DEBUG] 2020-05-19 11:41:15.009 [http-nio-8080-exec-1] BibliothequeApplication - Appel controlleur listeLivre
[DEBUG] 2020-05-19 11:41:15.010 [http-nio-8080-exec-1] BibliothequeApplication - Appel LivreServiceImpl méthode findAll
[DEBUG] 2020-05-19 11:41:21.553 [http-nio-8080-exec-2] BibliothequeApplication - Appel controlleur listeEmpruntUtilisateur
[DEBUG] 2020-05-19 11:41:21.553 [http-nio-8080-exec-2] BibliothequeApplication - Appel empruntService méthode findAllByPseudoEmprunteur avec paramètre pseudoEmprunteur : ludo
[DEBUG] 2020-05-19 11:41:24.607 [http-nio-8080-exec-3] BibliothequeApplication - Appel controlleur listeLivre
[DEBUG] 2020-05-19 11:41:24.608 [http-nio-8080-exec-3] BibliothequeApplication - Appel LivreServiceImpl méthode findAll
[DEBUG] 2020-05-19 11:41:41.027 [http-nio-8080-exec-8] BibliothequeApplication - Appel controlleur ouvrirEmprunt
[DEBUG] 2020-05-19 11:41:41.027 [http-nio-8080-exec-8] BibliothequeApplication - Appel empruntService méthode ouvrirEmprunt
[DEBUG] 2020-05-19 11:41:41.028 [http-nio-8080-exec-8] BibliothequeApplication - Appel empruntService méthode ajouter4Semaines avec paramètre date : Tue May 19 11:41:41 CEST 2020
[DEBUG] 2020-05-19 11:41:51.607 [http-nio-8080-exec-4] BibliothequeApplication - Appel controlleur listeLivre
[DEBUG] 2020-05-19 11:41:51.607 [http-nio-8080-exec-4] BibliothequeApplication - Appel LivreServiceImpl méthode findAll
[DEBUG] 2020-05-19 11:41:52.497 [http-nio-8080-exec-7] BibliothequeApplication - Appel controlleur listeEmpruntUtilisateur
[DEBUG] 2020-05-19 11:41:52.497 [http-nio-8080-exec-7] BibliothequeApplication - Appel empruntService méthode findAllByPseudoEmprunteur avec paramètre pseudoEmprunteur : ludo
[DEBUG] 2020-05-19 11:42:17.513 [http-nio-8080-exec-6] BibliothequeApplication - Appel controlleur listeLivre
[DEBUG] 2020-05-19 11:42:17.513 [http-nio-8080-exec-6] BibliothequeApplication - Appel LivreServiceImpl méthode findAll
[DEBUG] 2020-05-19 11:51:09.862 [main] BibliothequeApplication - Microservice Bibliothèque démarré
[DEBUG] 2020-05-19 13:15:14.364 [http-nio-8080-exec-1] BibliothequeApplication - Appel controlleur listeLivre
[DEBUG] 2020-05-19 13:15:14.364 [http-nio-8080-exec-1] BibliothequeApplication - Appel LivreServiceImpl méthode findAll
[DEBUG] 2020-05-19 13:15:15.282 [http-nio-8080-exec-2] BibliothequeApplication - Appel controlleur listeLivre
[DEBUG] 2020-05-19 13:15:15.282 [http-nio-8080-exec-2] BibliothequeApplication - Appel LivreServiceImpl méthode findAll
[DEBUG] 2020-05-19 13:32:40.549 [http-nio-8080-exec-4] BibliothequeApplication - Appel controlleur listeEmpruntUtilisateur
[DEBUG] 2020-05-19 13:32:40.551 [http-nio-8080-exec-4] BibliothequeApplication - Appel empruntService méthode findAllByPseudoEmprunteur avec paramètre pseudoEmprunteur : ludo
[DEBUG] 2020-05-19 13:33:13.486 [http-nio-8080-exec-5] BibliothequeApplication - Appel controlleur ouvrirEmprunt
[DEBUG] 2020-05-19 13:33:13.487 [http-nio-8080-exec-5] BibliothequeApplication - Appel empruntService méthode ouvrirEmprunt
[DEBUG] 2020-05-19 13:33:13.488 [http-nio-8080-exec-5] BibliothequeApplication - Appel empruntService méthode ajouter4Semaines avec paramètre date : Tue May 19 13:33:13 CEST 2020
[DEBUG] 2020-05-19 13:33:15.609 [http-nio-8080-exec-6] BibliothequeApplication - Appel controlleur ouvrirEmprunt
[DEBUG] 2020-05-19 13:33:15.610 [http-nio-8080-exec-6] BibliothequeApplication - Appel empruntService méthode ouvrirEmprunt
[DEBUG] 2020-05-19 13:33:15.611 [http-nio-8080-exec-6] BibliothequeApplication - Appel empruntService méthode ajouter4Semaines avec paramètre date : Tue May 19 13:33:15 CEST 2020
[DEBUG] 2020-05-19 13:33:17.774 [http-nio-8080-exec-7] BibliothequeApplication - Appel controlleur ouvrirEmprunt
[DEBUG] 2020-05-19 13:33:17.774 [http-nio-8080-exec-7] BibliothequeApplication - Appel empruntService méthode ouvrirEmprunt
[DEBUG] 2020-05-19 13:33:17.776 [http-nio-8080-exec-7] BibliothequeApplication - Appel empruntService méthode ajouter4Semaines avec paramètre date : Tue May 19 13:33:17 CEST 2020
[DEBUG] 2020-05-19 13:33:22.063 [http-nio-8080-exec-8] BibliothequeApplication - Appel controlleur listeEmpruntUtilisateur
[DEBUG] 2020-05-19 13:33:22.063 [http-nio-8080-exec-8] BibliothequeApplication - Appel empruntService méthode findAllByPseudoEmprunteur avec paramètre pseudoEmprunteur : ludo
[DEBUG] 2020-05-19 13:33:37.085 [http-nio-8080-exec-9] BibliothequeApplication - Appel controlleur prolongerEmprunt
[DEBUG] 2020-05-19 13:33:37.086 [http-nio-8080-exec-9] BibliothequeApplication - Appel empruntService méthode prolongerEmprunt avec paramètre idEmprunt : 9
[DEBUG] 2020-05-19 13:33:37.088 [http-nio-8080-exec-9] BibliothequeApplication - Appel empruntService méthode ajouter4Semaines avec paramètre date : 2020-06-16 13:33:13.0
[DEBUG] 2020-05-19 13:33:37.110 [http-nio-8080-exec-10] BibliothequeApplication - Appel controlleur listeEmpruntUtilisateur
[DEBUG] 2020-05-19 13:33:37.111 [http-nio-8080-exec-10] BibliothequeApplication - Appel empruntService méthode findAllByPseudoEmprunteur avec paramètre pseudoEmprunteur : ludo
[DEBUG] 2020-05-19 13:34:53.091 [http-nio-8080-exec-3] BibliothequeApplication - Appel controlleur listeEmpruntUtilisateur
[DEBUG] 2020-05-19 13:34:53.091 [http-nio-8080-exec-3] BibliothequeApplication - Appel empruntService méthode findAllByPseudoEmprunteur avec paramètre pseudoEmprunteur : ludo
[DEBUG] 2020-05-19 13:35:22.231 [http-nio-8080-exec-4] BibliothequeApplication - Appel controlleur listeLivreNonRendueApresDateFin
[DEBUG] 2020-05-19 13:35:22.231 [http-nio-8080-exec-4] BibliothequeApplication - Appel empruntService méthode listeLivreNonRendueApresDateFin
[DEBUG] 2020-05-19 13:35:32.069 [http-nio-8080-exec-5] BibliothequeApplication - Appel controlleur listeLivreNonRendueApresDateFin
[DEBUG] 2020-05-19 13:35:32.070 [http-nio-8080-exec-5] BibliothequeApplication - Appel empruntService méthode listeLivreNonRendueApresDateFin
[DEBUG] 2020-05-19 13:35:49.361 [http-nio-8080-exec-6] BibliothequeApplication - Appel controlleur listeLivre
[DEBUG] 2020-05-19 13:35:49.361 [http-nio-8080-exec-6] BibliothequeApplication - Appel LivreServiceImpl méthode findAll
[DEBUG] 2020-05-19 13:37:19.393 [http-nio-8080-exec-9] BibliothequeApplication - Appel controlleur listeLivreNonRendueApresDateFin
[DEBUG] 2020-05-19 13:37:19.393 [http-nio-8080-exec-9] BibliothequeApplication - Appel empruntService méthode listeLivreNonRendueApresDateFin
[DEBUG] 2020-05-19 13:38:48.562 [main] BibliothequeApplication - Microservice Bibliothèque démarré
[DEBUG] 2020-05-19 13:38:58.978 [http-nio-8080-exec-4] BibliothequeApplication - Appel controlleur listeLivreNonRendueApresDateFin
[DEBUG] 2020-05-19 13:38:58.979 [http-nio-8080-exec-4] BibliothequeApplication - Appel empruntService méthode listeLivreNonRendueApresDateFin
[DEBUG] 2020-05-19 13:44:15.576 [main] BibliothequeApplication - Microservice Bibliothèque démarré
[DEBUG] 2020-05-19 13:44:28.169 [http-nio-8080-exec-2] BibliothequeApplication - Appel controlleur listeLivreNonRendueApresDateFin
[DEBUG] 2020-05-19 13:44:28.170 [http-nio-8080-exec-2] BibliothequeApplication - Appel empruntService méthode listeLivreNonRendueApresDateFin
[DEBUG] 2020-05-19 13:46:12.129 [main] BibliothequeApplication - Microservice Bibliothèque démarré
[DEBUG] 2020-05-19 13:49:44.014 [main] BibliothequeApplication - Microservice Bibliothèque démarré
[DEBUG] 2020-05-19 13:49:58.009 [http-nio-8080-exec-1] BibliothequeApplication - Appel empruntService méthode listeLivreNonRendueApresDateFin
[DEBUG] 2020-05-19 13:49:58.053 [http-nio-8080-exec-1] BibliothequeApplication - Appel EmailServiceImpl méthode envoyerEmailRelance à l'adresse : ludovic.souplet@gmail.com pour le livre : Le Seigneur de Samarcande pour l'emprunt id : 9
[DEBUG] 2020-05-19 13:50:59.827 [main] BibliothequeApplication - Microservice Bibliothèque démarré
[DEBUG] 2020-05-19 13:51:08.770 [http-nio-8080-exec-4] BibliothequeApplication - Appel controlleur listeLivreNonRendueApresDateFin
[DEBUG] 2020-05-19 13:51:08.772 [http-nio-8080-exec-4] BibliothequeApplication - Appel empruntService méthode listeLivreNonRendueApresDateFin
[DEBUG] 2020-05-19 13:51:24.282 [http-nio-8080-exec-3] BibliothequeApplication - Appel controlleur listeEmpruntUtilisateur
[DEBUG] 2020-05-19 13:51:24.282 [http-nio-8080-exec-3] BibliothequeApplication - Appel empruntService méthode findAllByPseudoEmprunteur avec paramètre pseudoEmprunteur : ludo
[DEBUG] 2020-05-19 13:51:52.615 [http-nio-8080-exec-2] BibliothequeApplication - Appel controlleur listeLivre
[DEBUG] 2020-05-19 13:51:52.615 [http-nio-8080-exec-2] BibliothequeApplication - Appel LivreServiceImpl méthode findAll
[DEBUG] 2020-05-19 13:51:53.928 [http-nio-8080-exec-6] BibliothequeApplication - Appel controlleur listeEmpruntUtilisateur
[DEBUG] 2020-05-19 13:51:53.928 [http-nio-8080-exec-6] BibliothequeApplication - Appel empruntService méthode findAllByPseudoEmprunteur avec paramètre pseudoEmprunteur : ludo
[DEBUG] 2020-05-19 14:00:00.006 [scheduling-1] BibliothequeApplication - Execution du batch
[DEBUG] 2020-05-19 14:00:00.018 [scheduling-1] BibliothequeApplication - Appel empruntService méthode listeLivreNonRendueApresDateFin
[DEBUG] 2020-05-19 14:00:00.035 [scheduling-1] BibliothequeApplication - Appel EmailServiceImpl méthode envoyerEmailRelance à l'adresse : ludovic.souplet@gmail.com pour le livre : Le Seigneur de Samarcande pour l'emprunt id : 9
[DEBUG] 2020-05-19 14:00:00.035 [scheduling-1] BibliothequeApplication - Appel EmailServiceImpl méthode sendSimpleMessage à l'adresse : ludovic.souplet@gmail.com
[DEBUG] 2020-05-19 14:13:26.777 [http-nio-8080-exec-1] BibliothequeApplication - Appel controlleur listeLivre
[DEBUG] 2020-05-19 14:13:26.777 [http-nio-8080-exec-1] BibliothequeApplication - Appel LivreServiceImpl méthode findAll
[DEBUG] 2020-05-19 14:13:34.724 [http-nio-8080-exec-4] BibliothequeApplication - Appel controlleur listeLivre
[DEBUG] 2020-05-19 14:13:34.724 [http-nio-8080-exec-4] BibliothequeApplication - Appel LivreServiceImpl méthode findAll
[DEBUG] 2020-05-19 14:13:37.162 [http-nio-8080-exec-3] BibliothequeApplication - Appel controlleur listeEmpruntUtilisateur
[DEBUG] 2020-05-19 14:13:37.162 [http-nio-8080-exec-3] BibliothequeApplication - Appel empruntService méthode findAllByPseudoEmprunteur avec paramètre pseudoEmprunteur : admin
[DEBUG] 2020-05-19 14:13:44.902 [http-nio-8080-exec-2] BibliothequeApplication - Appel controlleur listeEmpruntUtilisateur
[DEBUG] 2020-05-19 14:13:44.902 [http-nio-8080-exec-2] BibliothequeApplication - Appel empruntService méthode findAllByPseudoEmprunteur avec paramètre pseudoEmprunteur : ludo
